<?xml version="1.0" encoding="UTF-8"?>
<!-- Generated by org.testng.reporters.JUnitXMLReporter -->
<testsuite ignored="0" hostname="DESKTOP-3KLHQPH" failures="0" tests="4" name="Demo Web Shop Test" time="57.107" errors="0" timestamp="2021-07-25T15:49:30 IST">
  <testcase classname="com.up.qa.testcases.LoginPageTest" name="loginValidation" time="4.323"/>
  <testcase classname="com.up.qa.testcases.SignUpPageTest" name="registerNewuser" time="2.092"/>
  <testcase classname="com.up.qa.testcases.SignUpPageTest" name="registerNewuser" time="1.998"/>
  <testcase classname="com.up.qa.testcases.workOrderPageTest" name="clickOnAddWorkLink" time="24.952"/>
</testsuite> <!-- Demo Web Shop Test -->
