<?xml version="1.0" encoding="UTF-8"?>
<!-- Generated by org.testng.reporters.JUnitXMLReporter -->
<testsuite ignored="1" hostname="DESKTOP-3KLHQPH" failures="0" tests="11" name="Test" time="73.932" errors="0" timestamp="2021-07-03T17:04:30 IST">
  <testcase classname="com.crm.qa.testcases.HomePageTest" name="clickonBooksLink1" time="0.814"/>
  <testcase classname="com.crm.qa.testcases.HomePageTest" name="clickonComputersLink1" time="0.604"/>
  <testcase classname="com.crm.qa.testcases.HomePageTest" name="clickonElectronicsLink1" time="0.661"/>
  <testcase classname="com.crm.qa.testcases.HomePageTest" name="validatelogOutButton" time="0.073"/>
  <testcase classname="com.crm.qa.testcases.HomePageTest" name="verifyHomePageTitleTest" time="0.008"/>
  <testcase classname="com.crm.qa.testcases.LoginPageTest" name="loginPageTitlePage" time="0.01"/>
  <testcase classname="com.crm.qa.testcases.LoginPageTest" name="demoLogoImageTest" time="0.05"/>
  <testcase classname="com.crm.qa.testcases.LoginPageTest" name="loginTest" time="1.355"/>
  <testcase classname="com.crm.qa.testcases.BooksPageTest" name="clickonDigitalCoputerDownloadLink" time="0.85"/>
  <testcase classname="com.crm.qa.testcases.BooksPageTest" name="clickonGiftCardLink" time="1.82"/>
  <testcase classname="com.crm.qa.testcases.BooksPageTest" name="verifyBooksPageTitle" time="0.021"/>
  <testcase classname="com.crm.qa.testcases.BooksPageTest" name="clickonJewelry" time="0.0">
    <ignored/>
  </testcase> <!-- clickonJewelry -->
</testsuite> <!-- Test -->
