<?xml version="1.0" encoding="UTF-8"?>
<testng-results ignored="0" total="4" passed="3" failed="1" skipped="0">
  <reporter-output>
  </reporter-output>
  <suite started-at="2021-07-26T09:49:45 IST" name="onupkeep" finished-at="2021-07-26T09:52:16 IST" duration-ms="151526">
    <groups>
    </groups>
    <test started-at="2021-07-26T09:49:45 IST" name="onupkeep" finished-at="2021-07-26T09:52:16 IST" duration-ms="151526">
      <class name="com.up.qa.testcases.SignUpPageTest">
        <test-method is-config="true" signature="setup()[pri:0, instance:com.up.qa.testcases.SignUpPageTest@2e3967ea]" started-at="2021-07-26T09:50:41 IST" name="setup" finished-at="2021-07-26T09:51:00 IST" duration-ms="19077" status="PASS">
          <reporter-output>
          </reporter-output>
        </test-method> <!-- setup -->
        <test-method signature="registerNewuser(java.lang.String,java.lang.String,java.lang.String,java.lang.String,java.lang.String,java.lang.String,java.lang.String)[pri:0, instance:com.up.qa.testcases.SignUpPageTest@2e3967ea]" started-at="2021-07-26T09:51:00 IST" name="registerNewuser" data-provider="getRegisterTestData" finished-at="2021-07-26T09:51:04 IST" duration-ms="3522" status="PASS">
          <params>
            <param index="0">
              <value>
                <![CDATA[mdaslam@xyz.com]]>
              </value>
            </param>
            <param index="1">
              <value>
                <![CDATA[Newyear@123]]>
              </value>
            </param>
            <param index="2">
              <value>
                <![CDATA[Aslam]]>
              </value>
            </param>
            <param index="3">
              <value>
                <![CDATA[ali]]>
              </value>
            </param>
            <param index="4">
              <value>
                <![CDATA[7.053879089E9]]>
              </value>
            </param>
            <param index="5">
              <value>
                <![CDATA[abc pvt ltd]]>
              </value>
            </param>
            <param index="6">
              <value>
                <![CDATA[Manager]]>
              </value>
            </param>
          </params>
          <reporter-output>
          </reporter-output>
        </test-method> <!-- registerNewuser -->
        <test-method is-config="true" signature="tearDown()[pri:0, instance:com.up.qa.testcases.SignUpPageTest@2e3967ea]" started-at="2021-07-26T09:51:04 IST" name="tearDown" finished-at="2021-07-26T09:51:05 IST" duration-ms="1240" status="PASS">
          <reporter-output>
          </reporter-output>
        </test-method> <!-- tearDown -->
        <test-method is-config="true" signature="setup()[pri:0, instance:com.up.qa.testcases.SignUpPageTest@2e3967ea]" started-at="2021-07-26T09:51:05 IST" name="setup" finished-at="2021-07-26T09:51:24 IST" duration-ms="19224" status="PASS">
          <reporter-output>
          </reporter-output>
        </test-method> <!-- setup -->
        <test-method signature="registerNewuser(java.lang.String,java.lang.String,java.lang.String,java.lang.String,java.lang.String,java.lang.String,java.lang.String)[pri:0, instance:com.up.qa.testcases.SignUpPageTest@2e3967ea]" started-at="2021-07-26T09:51:24 IST" name="registerNewuser" data-provider="getRegisterTestData" finished-at="2021-07-26T09:51:27 IST" duration-ms="2982" status="PASS">
          <params>
            <param index="0">
              <value>
                <![CDATA[mdaslam@yzx.com]]>
              </value>
            </param>
            <param index="1">
              <value>
                <![CDATA[India@123]]>
              </value>
            </param>
            <param index="2">
              <value>
                <![CDATA[kajal]]>
              </value>
            </param>
            <param index="3">
              <value>
                <![CDATA[pal]]>
              </value>
            </param>
            <param index="4">
              <value>
                <![CDATA[8.010926678E9]]>
              </value>
            </param>
            <param index="5">
              <value>
                <![CDATA[xyz pvt ltd]]>
              </value>
            </param>
            <param index="6">
              <value>
                <![CDATA[Manager]]>
              </value>
            </param>
          </params>
          <reporter-output>
          </reporter-output>
        </test-method> <!-- registerNewuser -->
        <test-method is-config="true" signature="tearDown()[pri:0, instance:com.up.qa.testcases.SignUpPageTest@2e3967ea]" started-at="2021-07-26T09:51:27 IST" name="tearDown" finished-at="2021-07-26T09:51:29 IST" duration-ms="1197" status="PASS">
          <reporter-output>
          </reporter-output>
        </test-method> <!-- tearDown -->
      </class> <!-- com.up.qa.testcases.SignUpPageTest -->
      <class name="com.up.qa.testcases.LoginPageTest">
        <test-method is-config="true" signature="setup()[pri:0, instance:com.up.qa.testcases.LoginPageTest@729d991e]" started-at="2021-07-26T09:49:45 IST" name="setup" finished-at="2021-07-26T09:50:00 IST" duration-ms="14972" status="PASS">
          <reporter-output>
          </reporter-output>
        </test-method> <!-- setup -->
        <test-method signature="loginValidation()[pri:0, instance:com.up.qa.testcases.LoginPageTest@729d991e]" started-at="2021-07-26T09:50:00 IST" name="loginValidation" finished-at="2021-07-26T09:50:39 IST" duration-ms="39336" status="FAIL">
          <exception class="org.openqa.selenium.NoSuchElementException">
            <message>
              <![CDATA[no such element: Unable to locate element: {"method":"xpath","selector":"//div[contains(text(),'invalid username')]"}
  (Session info: chrome=92.0.4515.107)
For documentation on this error, please visit: https://www.seleniumhq.org/exceptions/no_such_element.html
Build info: version: '3.141.59', revision: 'e82be7d358', time: '2018-11-14T08:17:03'
System info: host: 'LAPTOP-O7LOERHF', ip: '192.168.0.115', os.name: 'Windows 10', os.arch: 'amd64', os.version: '10.0', java.version: '16.0.2'
Driver info: org.openqa.selenium.chrome.ChromeDriver
Capabilities {acceptInsecureCerts: false, browserName: chrome, browserVersion: 92.0.4515.107, chrome: {chromedriverVersion: 92.0.4515.43 (8c61b7e2989f2..., userDataDir: C:\Users\Abhis\AppData\Loca...}, goog:chromeOptions: {debuggerAddress: localhost:53544}, javascriptEnabled: true, networkConnectionEnabled: false, pageLoadStrategy: normal, platform: WINDOWS, platformName: WINDOWS, proxy: Proxy(), setWindowRect: true, strictFileInteractability: false, timeouts: {implicit: 0, pageLoad: 300000, script: 30000}, unhandledPromptBehavior: dismiss and notify, webauthn:extension:credBlob: true, webauthn:extension:largeBlob: true, webauthn:virtualAuthenticators: true}
Session ID: 040b8880fe06b46f3ce3600e691a3461
*** Element info: {Using=xpath, value=//div[contains(text(),'invalid username')]}]]>
            </message>
            <full-stacktrace>
              <![CDATA[org.openqa.selenium.NoSuchElementException: no such element: Unable to locate element: {"method":"xpath","selector":"//div[contains(text(),'invalid username')]"}
  (Session info: chrome=92.0.4515.107)
For documentation on this error, please visit: https://www.seleniumhq.org/exceptions/no_such_element.html
Build info: version: '3.141.59', revision: 'e82be7d358', time: '2018-11-14T08:17:03'
System info: host: 'LAPTOP-O7LOERHF', ip: '192.168.0.115', os.name: 'Windows 10', os.arch: 'amd64', os.version: '10.0', java.version: '16.0.2'
Driver info: org.openqa.selenium.chrome.ChromeDriver
Capabilities {acceptInsecureCerts: false, browserName: chrome, browserVersion: 92.0.4515.107, chrome: {chromedriverVersion: 92.0.4515.43 (8c61b7e2989f2..., userDataDir: C:\Users\Abhis\AppData\Loca...}, goog:chromeOptions: {debuggerAddress: localhost:53544}, javascriptEnabled: true, networkConnectionEnabled: false, pageLoadStrategy: normal, platform: WINDOWS, platformName: WINDOWS, proxy: Proxy(), setWindowRect: true, strictFileInteractability: false, timeouts: {implicit: 0, pageLoad: 300000, script: 30000}, unhandledPromptBehavior: dismiss and notify, webauthn:extension:credBlob: true, webauthn:extension:largeBlob: true, webauthn:virtualAuthenticators: true}
Session ID: 040b8880fe06b46f3ce3600e691a3461
*** Element info: {Using=xpath, value=//div[contains(text(),'invalid username')]}
at java.base/jdk.internal.reflect.NativeConstructorAccessorImpl.newInstance0(Native Method)
at java.base/jdk.internal.reflect.NativeConstructorAccessorImpl.newInstance(NativeConstructorAccessorImpl.java:78)
at java.base/jdk.internal.reflect.DelegatingConstructorAccessorImpl.newInstance(DelegatingConstructorAccessorImpl.java:45)
at java.base/java.lang.reflect.Constructor.newInstanceWithCaller(Constructor.java:499)
at java.base/java.lang.reflect.Constructor.newInstance(Constructor.java:480)
at org.openqa.selenium.remote.http.W3CHttpResponseCodec.createException(W3CHttpResponseCodec.java:187)
at org.openqa.selenium.remote.http.W3CHttpResponseCodec.decode(W3CHttpResponseCodec.java:122)
at org.openqa.selenium.remote.http.W3CHttpResponseCodec.decode(W3CHttpResponseCodec.java:49)
at org.openqa.selenium.remote.HttpCommandExecutor.execute(HttpCommandExecutor.java:158)
at org.openqa.selenium.remote.service.DriverCommandExecutor.execute(DriverCommandExecutor.java:83)
at org.openqa.selenium.remote.RemoteWebDriver.execute(RemoteWebDriver.java:552)
at org.openqa.selenium.remote.RemoteWebDriver.findElement(RemoteWebDriver.java:323)
at org.openqa.selenium.remote.RemoteWebDriver.findElementByXPath(RemoteWebDriver.java:428)
at org.openqa.selenium.By$ByXPath.findElement(By.java:353)
at org.openqa.selenium.remote.RemoteWebDriver.findElement(RemoteWebDriver.java:315)
at org.openqa.selenium.support.pagefactory.DefaultElementLocator.findElement(DefaultElementLocator.java:69)
at org.openqa.selenium.support.pagefactory.internal.LocatingElementHandler.invoke(LocatingElementHandler.java:38)
at jdk.proxy2/jdk.proxy2.$Proxy13.getText(Unknown Source)
at com.up.qa.pages.LoginPage.validateErrorMessage(LoginPage.java:40)
at com.up.qa.testcases.LoginPageTest.loginValidation(LoginPageTest.java:30)
at java.base/jdk.internal.reflect.NativeMethodAccessorImpl.invoke0(Native Method)
at java.base/jdk.internal.reflect.NativeMethodAccessorImpl.invoke(NativeMethodAccessorImpl.java:78)
at java.base/jdk.internal.reflect.DelegatingMethodAccessorImpl.invoke(DelegatingMethodAccessorImpl.java:43)
at java.base/java.lang.reflect.Method.invoke(Method.java:567)
at org.testng.internal.MethodInvocationHelper.invokeMethod(MethodInvocationHelper.java:133)
at org.testng.internal.TestInvoker.invokeMethod(TestInvoker.java:598)
at org.testng.internal.TestInvoker.invokeTestMethod(TestInvoker.java:173)
at org.testng.internal.MethodRunner.runInSequence(MethodRunner.java:46)
at org.testng.internal.TestInvoker$MethodInvocationAgent.invoke(TestInvoker.java:824)
at org.testng.internal.TestInvoker.invokeTestMethods(TestInvoker.java:146)
at org.testng.internal.TestMethodWorker.invokeTestMethods(TestMethodWorker.java:146)
at org.testng.internal.TestMethodWorker.run(TestMethodWorker.java:128)
at java.base/java.util.ArrayList.forEach(ArrayList.java:1511)
at org.testng.TestRunner.privateRun(TestRunner.java:794)
at org.testng.TestRunner.run(TestRunner.java:596)
at org.testng.SuiteRunner.runTest(SuiteRunner.java:377)
at org.testng.SuiteRunner.runSequentially(SuiteRunner.java:371)
at org.testng.SuiteRunner.privateRun(SuiteRunner.java:332)
at org.testng.SuiteRunner.run(SuiteRunner.java:276)
at org.testng.SuiteRunnerWorker.runSuite(SuiteRunnerWorker.java:53)
at org.testng.SuiteRunnerWorker.run(SuiteRunnerWorker.java:96)
at org.testng.TestNG.runSuitesSequentially(TestNG.java:1212)
at org.testng.TestNG.runSuitesLocally(TestNG.java:1134)
at org.testng.TestNG.runSuites(TestNG.java:1063)
at org.testng.TestNG.run(TestNG.java:1031)
at org.testng.remote.AbstractRemoteTestNG.run(AbstractRemoteTestNG.java:115)
at org.testng.remote.RemoteTestNG.initAndRun(RemoteTestNG.java:251)
at org.testng.remote.RemoteTestNG.main(RemoteTestNG.java:77)
]]>
            </full-stacktrace>
          </exception> <!-- org.openqa.selenium.NoSuchElementException -->
          <reporter-output>
          </reporter-output>
        </test-method> <!-- loginValidation -->
        <test-method is-config="true" signature="tearDown()[pri:0, instance:com.up.qa.testcases.LoginPageTest@729d991e]" started-at="2021-07-26T09:50:39 IST" name="tearDown" finished-at="2021-07-26T09:50:40 IST" duration-ms="522" status="PASS">
          <reporter-output>
          </reporter-output>
        </test-method> <!-- tearDown -->
      </class> <!-- com.up.qa.testcases.LoginPageTest -->
      <class name="com.up.qa.testcases.workOrderPageTest">
        <test-method is-config="true" signature="setup()[pri:0, instance:com.up.qa.testcases.workOrderPageTest@70e9c95d]" started-at="2021-07-26T09:51:29 IST" name="setup" finished-at="2021-07-26T09:51:48 IST" duration-ms="19113" status="PASS">
          <reporter-output>
          </reporter-output>
        </test-method> <!-- setup -->
        <test-method signature="clickOnAddWorkLink()[pri:1, instance:com.up.qa.testcases.workOrderPageTest@70e9c95d]" started-at="2021-07-26T09:51:48 IST" name="clickOnAddWorkLink" finished-at="2021-07-26T09:52:16 IST" duration-ms="27968" status="PASS">
          <reporter-output>
          </reporter-output>
        </test-method> <!-- clickOnAddWorkLink -->
        <test-method is-config="true" signature="tearDown()[pri:0, instance:com.up.qa.testcases.workOrderPageTest@70e9c95d]" started-at="2021-07-26T09:52:16 IST" name="tearDown" finished-at="2021-07-26T09:52:16 IST" duration-ms="719" status="PASS">
          <reporter-output>
          </reporter-output>
        </test-method> <!-- tearDown -->
      </class> <!-- com.up.qa.testcases.workOrderPageTest -->
    </test> <!-- onupkeep -->
  </suite> <!-- onupkeep -->
</testng-results>
